<?xml version="1.0" encoding="UTF-8"?>
<!-- Generated by org.testng.reporters.JUnitReportReporter -->
<testsuite hostname="DESKTOP-PKSRIN6" failures="0" tests="1" name="test.Testingbaba_alerts_frame_windowtest" time="0.239" errors="0" timestamp="2 Feb 2022 08:48:24 GMT">
  <testcase classname="test.Testingbaba_alerts_frame_windowtest" name="clickonalert_frame_windowbtn" time="0.239"/>
</testsuite> <!-- test.Testingbaba_alerts_frame_windowtest -->
