<?xml version="1.0" encoding="UTF-8"?>
<!-- Generated by org.testng.reporters.JUnitReportReporter -->
<testsuite hostname="DESKTOP-PKSRIN6" failures="0" tests="1" name="test.Testingbaba_elementtest" time="0.264" errors="0" timestamp="2 Feb 2022 08:48:24 GMT">
  <testcase classname="test.Testingbaba_elementtest" name="clickonelements" time="0.264"/>
</testsuite> <!-- test.Testingbaba_elementtest -->
