<?xml version="1.0" encoding="UTF-8"?>
<!-- Generated by org.testng.reporters.JUnitReportReporter -->
<testsuite hostname="DESKTOP-PKSRIN6" failures="0" tests="4" name="test.Testingbaba_checkbox_test" time="3.980" errors="0" timestamp="2 Feb 2022 08:48:24 GMT">
  <testcase classname="test.Testingbaba_checkbox_test" name="clickondesktop" time="0.443"/>
  <testcase classname="test.Testingbaba_checkbox_test" name="clickoncheckbox" time="2.239"/>
  <testcase classname="test.Testingbaba_checkbox_test" name="clickonlaptop" time="0.457"/>
  <testcase classname="test.Testingbaba_checkbox_test" name="clickonmobile" time="0.841"/>
</testsuite> <!-- test.Testingbaba_checkbox_test -->
