<?xml version="1.0" encoding="UTF-8"?>
<!-- Generated by org.testng.reporters.JUnitReportReporter -->
<testsuite hostname="DESKTOP-PKSRIN6" failures="0" tests="2" name="test.Testingbaba_logintest" time="4.930" errors="0" timestamp="2 Feb 2022 08:48:24 GMT">
  <testcase classname="test.Testingbaba_logintest" name="clickonpracticeform" time="4.155"/>
  <testcase classname="test.Testingbaba_logintest" name="clickonclosebtn" time="0.775"/>
</testsuite> <!-- test.Testingbaba_logintest -->
