<?xml version="1.0" encoding="UTF-8"?>
<!-- Generated by org.testng.reporters.JUnitReportReporter -->
<testsuite hostname="DESKTOP-PKSRIN6" failures="0" tests="3" name="test.Testingbaba_webtablestest" time="13.141" errors="0" timestamp="2 Feb 2022 08:48:24 GMT">
  <testcase classname="test.Testingbaba_webtablestest" name="clickonedit" time="4.915"/>
  <testcase classname="test.Testingbaba_webtablestest" name="clickonwebtables" time="0.246"/>
  <testcase classname="test.Testingbaba_webtablestest" name="filldetails" time="7.980"/>
</testsuite> <!-- test.Testingbaba_webtablestest -->
